<?xml version="1.0" encoding="UTF-8"?>
<!-- Generated by org.testng.reporters.JUnitReportReporter -->
<testsuite hostname="LAPTOP-SRPU678Q" failures="0" tests="3" name="com.crm.qa.testcases.HomePageTest" time="27.044" errors="0" timestamp="2023-04-17T11:28:52 GMT-04:00" skipped="0">
  <testcase classname="com.crm.qa.testcases.HomePageTest" name="HomePageTitleTest" time="8.915"/>
  <system-out/>
  <testcase classname="com.crm.qa.testcases.HomePageTest" name="verifyUserNameTest" time="8.415"/>
  <system-out/>
  <testcase classname="com.crm.qa.testcases.HomePageTest" name="verifyContactsLinkTest" time="9.714"/>
  <system-out/>
</testsuite> <!-- com.crm.qa.testcases.HomePageTest -->
