<?xml version="1.0" encoding="UTF-8"?>
<!-- Generated by org.testng.reporters.JUnitReportReporter -->
<testsuite hostname="LAPTOP-SRPU678Q" failures="0" tests="3" name="com.crm.qa.testcases.LoginPageTest" time="16.013" errors="0" timestamp="2023-04-17T11:28:52 GMT-04:00" skipped="0">
  <testcase classname="com.crm.qa.testcases.LoginPageTest" name="LoginPageTitleTest" time="3.587"/>
  <system-out/>
  <testcase classname="com.crm.qa.testcases.LoginPageTest" name="crmLogoImageTest" time="3.727"/>
  <system-out/>
  <testcase classname="com.crm.qa.testcases.LoginPageTest" name="LoginTest" time="8.699"/>
  <system-out/>
</testsuite> <!-- com.crm.qa.testcases.LoginPageTest -->
